{
  "command": "python3 -m pytest -v --cov=src --cov-report=html:reports/coverage --cov-report=term-missing tests/",
  "return_code": 1,
  "stdout": "============================= test session starts ==============================\nplatform darwin -- Python 3.12.0, pytest-8.4.1, pluggy-1.6.0 -- /Users/zoe/Library/Caches/pypoetry/virtualenvs/crypto-algo-trading-j9TXGKHk-py3.12/bin/python3\ncachedir: .pytest_cache\nrootdir: /Users/zoe/Algo-Trading\nconfigfile: pyproject.toml\nplugins: asyncio-1.1.0, anyio-4.10.0, cov-6.2.1\nasyncio: mode=Mode.AUTO, asyncio_default_fixture_loop_scope=None, asyncio_default_test_loop_scope=function\ncollecting ... collected 37 items\n\ntests/test_core_features.py::TestCoreFeatures::test_price_return_features FAILED [  2%]\ntests/test_core_features.py::TestCoreFeatures::test_moving_average_features FAILED [  5%]\ntests/test_core_features.py::TestCoreFeatures::test_rsi_feature FAILED   [  8%]\ntests/test_core_features.py::TestCoreFeatures::test_volume_features FAILED [ 10%]\ntests/test_core_features.py::TestCoreFeatures::test_volatility_features FAILED [ 13%]\ntests/test_core_features.py::TestCoreFeatures::test_feature_metadata FAILED [ 16%]\ntests/test_core_features.py::TestCoreFeatures::test_feature_quality_control PASSED [ 18%]\ntests/test_core_features.py::TestCoreFeatures::test_feature_dependencies FAILED [ 21%]\ntests/test_feature_engineering.py::TestFeatureEngineering::test_price_return_features FAILED [ 24%]\ntests/test_feature_engineering.py::TestFeatureEngineering::test_trend_momentum_features FAILED [ 27%]\ntests/test_feature_engineering.py::TestFeatureEngineering::test_mean_reversion_features FAILED [ 29%]\ntests/test_feature_engineering.py::TestFeatureEngineering::test_volatility_risk_features FAILED [ 32%]\ntests/test_feature_engineering.py::TestFeatureEngineering::test_volume_liquidity_features FAILED [ 35%]\ntests/test_feature_engineering.py::TestFeatureEngineering::test_microstructure_features FAILED [ 37%]\ntests/test_feature_engineering.py::TestFeatureEngineering::test_regime_features FAILED [ 40%]\ntests/test_feature_engineering.py::TestFeatureEngineering::test_risk_execution_features FAILED [ 43%]\ntests/test_feature_engineering.py::TestFeatureEngineering::test_no_data_leakage FAILED [ 45%]\ntests/test_feature_engineering.py::TestFeatureEngineering::test_feature_consistency FAILED [ 48%]\ntests/test_feature_engineering.py::TestFeatureEngineering::test_edge_cases FAILED [ 51%]\ntests/test_feature_engineering.py::TestFeatureEngineering::test_winsorization FAILED [ 54%]\ntests/test_feature_engineering.py::TestFeatureEngineering::test_metadata_columns FAILED [ 56%]\ntests/test_feature_engineering.py::TestFeatureFormulas::test_rsi_formula FAILED [ 59%]\ntests/test_feature_engineering.py::TestFeatureFormulas::test_bollinger_bands_formula FAILED [ 62%]\ntests/test_feature_engineering.py::TestFeatureFormulas::test_atr_formula FAILED [ 64%]\ntests/test_validators.py::TestDataValidator::test_validate_timestamps_monotonic PASSED [ 67%]\ntests/test_validators.py::TestDataValidator::test_validate_timestamps_duplicates PASSED [ 70%]\ntests/test_validators.py::TestDataValidator::test_validate_timestamps_non_monotonic PASSED [ 72%]\ntests/test_validators.py::TestDataValidator::test_validate_timestamps_missing_column PASSED [ 75%]\ntests/test_validators.py::TestDataValidator::test_validate_dataframe_structure PASSED [ 78%]\ntests/test_validators.py::TestDataValidator::test_validate_dataframe_empty PASSED [ 81%]\ntests/test_validators.py::TestDataValidator::test_validate_ohlcv_data PASSED [ 83%]\ntests/test_validators.py::TestDataValidator::test_validate_ohlcv_invalid_prices PASSED [ 86%]\ntests/test_validators.py::TestDataValidator::test_validate_ohlcv_negative_volume PASSED [ 89%]\ntests/test_validators.py::TestDataValidator::test_validate_timestamps_with_symbols PASSED [ 91%]\ntests/test_validators.py::TestDataValidator::test_validate_timestamps_custom_tolerance PASSED [ 94%]\ntests/test_validators.py::TestValidationError::test_validation_error_message PASSED [ 97%]\ntests/test_validators.py::TestValidationError::test_validation_error_without_details PASSED [100%]\n\n=================================== FAILURES ===================================\n_________________ TestCoreFeatures.test_price_return_features __________________\ntests/test_core_features.py:103: in test_price_return_features\n    features = self.feature_engineer.compute_price_return_features(test_data)\n               ^^^^^^^^^^^^^^^^^^^^^^^^^^^^^^^^^^^^^^^^^^^^^^^^^^^\nE   AttributeError: 'FeatureEngineer' object has no attribute 'compute_price_return_features'. Did you mean: '_compute_price_return_features'?\n________________ TestCoreFeatures.test_moving_average_features _________________\ntests/test_core_features.py:123: in test_moving_average_features\n    features = self.feature_engineer.compute_trend_momentum_features(test_data)\n               ^^^^^^^^^^^^^^^^^^^^^^^^^^^^^^^^^^^^^^^^^^^^^^^^^^^^^\nE   AttributeError: 'FeatureEngineer' object has no attribute 'compute_trend_momentum_features'. Did you mean: '_compute_trend_momentum_features'?\n______________________ TestCoreFeatures.test_rsi_feature _______________________\ntests/test_core_features.py:145: in test_rsi_feature\n    test_data = self.feature_engineer.compute_price_return_features(test_data)\n                ^^^^^^^^^^^^^^^^^^^^^^^^^^^^^^^^^^^^^^^^^^^^^^^^^^^\nE   AttributeError: 'FeatureEngineer' object has no attribute 'compute_price_return_features'. Did you mean: '_compute_price_return_features'?\n____________________ TestCoreFeatures.test_volume_features _____________________\ntests/test_core_features.py:164: in test_volume_features\n    features = self.feature_engineer.compute_volume_liquidity_features(test_data)\n               ^^^^^^^^^^^^^^^^^^^^^^^^^^^^^^^^^^^^^^^^^^^^^^^^^^^^^^^\nE   AttributeError: 'FeatureEngineer' object has no attribute 'compute_volume_liquidity_features'. Did you mean: '_compute_volume_liquidity_features'?\n__________________ TestCoreFeatures.test_volatility_features ___________________\ntests/test_core_features.py:182: in test_volatility_features\n    test_data = self.feature_engineer.compute_price_return_features(test_data)\n                ^^^^^^^^^^^^^^^^^^^^^^^^^^^^^^^^^^^^^^^^^^^^^^^^^^^\nE   AttributeError: 'FeatureEngineer' object has no attribute 'compute_price_return_features'. Did you mean: '_compute_price_return_features'?\n____________________ TestCoreFeatures.test_feature_metadata ____________________\ntests/test_core_features.py:202: in test_feature_metadata\n    features = self.feature_engineer.add_metadata_columns(test_data, 'BTCUSDT')\n               ^^^^^^^^^^^^^^^^^^^^^^^^^^^^^^^^^^^^^^^^^^\nE   AttributeError: 'FeatureEngineer' object has no attribute 'add_metadata_columns'\n__________________ TestCoreFeatures.test_feature_dependencies __________________\ntests/test_core_features.py:251: in test_feature_dependencies\n    assert not any(np.isinf(v) for v in values)\nE   assert not True\nE    +  where True = any(<generator object TestCoreFeatures.test_feature_dependencies.<locals>.<genexpr> at 0x110d153c0>)\n______________ TestFeatureEngineering.test_price_return_features _______________\ntests/test_feature_engineering.py:84: in test_price_return_features\n    df = feature_engineer.compute_price_return_features(sample_data.copy())\n         ^^^^^^^^^^^^^^^^^^^^^^^^^^^^^^^^^^^^^^^^^^^^^^\nE   AttributeError: 'FeatureEngineer' object has no attribute 'compute_price_return_features'. Did you mean: '_compute_price_return_features'?\n_____________ TestFeatureEngineering.test_trend_momentum_features ______________\ntests/test_feature_engineering.py:113: in test_trend_momentum_features\n    df = feature_engineer.compute_trend_momentum_features(sample_data.copy())\n         ^^^^^^^^^^^^^^^^^^^^^^^^^^^^^^^^^^^^^^^^^^^^^^^^\nE   AttributeError: 'FeatureEngineer' object has no attribute 'compute_trend_momentum_features'. Did you mean: '_compute_trend_momentum_features'?\n_____________ TestFeatureEngineering.test_mean_reversion_features ______________\ntests/test_feature_engineering.py:150: in test_mean_reversion_features\n    df = feature_engineer.compute_trend_momentum_features(df)\n         ^^^^^^^^^^^^^^^^^^^^^^^^^^^^^^^^^^^^^^^^^^^^^^^^\nE   AttributeError: 'FeatureEngineer' object has no attribute 'compute_trend_momentum_features'. Did you mean: '_compute_trend_momentum_features'?\n_____________ TestFeatureEngineering.test_volatility_risk_features _____________\ntests/test_feature_engineering.py:184: in test_volatility_risk_features\n    df = feature_engineer.compute_price_return_features(df)\n         ^^^^^^^^^^^^^^^^^^^^^^^^^^^^^^^^^^^^^^^^^^^^^^\nE   AttributeError: 'FeatureEngineer' object has no attribute 'compute_price_return_features'. Did you mean: '_compute_price_return_features'?\n____________ TestFeatureEngineering.test_volume_liquidity_features _____________\ntests/test_feature_engineering.py:215: in test_volume_liquidity_features\n    df = feature_engineer.compute_volume_liquidity_features(df)\n         ^^^^^^^^^^^^^^^^^^^^^^^^^^^^^^^^^^^^^^^^^^^^^^^^^^\nE   AttributeError: 'FeatureEngineer' object has no attribute 'compute_volume_liquidity_features'. Did you mean: '_compute_volume_liquidity_features'?\n_____________ TestFeatureEngineering.test_microstructure_features ______________\ntests/test_feature_engineering.py:245: in test_microstructure_features\n    df = feature_engineer.compute_price_return_features(df)\n         ^^^^^^^^^^^^^^^^^^^^^^^^^^^^^^^^^^^^^^^^^^^^^^\nE   AttributeError: 'FeatureEngineer' object has no attribute 'compute_price_return_features'. Did you mean: '_compute_price_return_features'?\n_________________ TestFeatureEngineering.test_regime_features __________________\ntests/test_feature_engineering.py:270: in test_regime_features\n    df = feature_engineer.compute_price_return_features(df)\n         ^^^^^^^^^^^^^^^^^^^^^^^^^^^^^^^^^^^^^^^^^^^^^^\nE   AttributeError: 'FeatureEngineer' object has no attribute 'compute_price_return_features'. Did you mean: '_compute_price_return_features'?\n_____________ TestFeatureEngineering.test_risk_execution_features ______________\ntests/test_feature_engineering.py:297: in test_risk_execution_features\n    df = feature_engineer.compute_price_return_features(df)\n         ^^^^^^^^^^^^^^^^^^^^^^^^^^^^^^^^^^^^^^^^^^^^^^\nE   AttributeError: 'FeatureEngineer' object has no attribute 'compute_price_return_features'. Did you mean: '_compute_price_return_features'?\n_________________ TestFeatureEngineering.test_no_data_leakage __________________\ntests/test_feature_engineering.py:331: in test_no_data_leakage\n    df = feature_engineer.compute_price_return_features(df)\n         ^^^^^^^^^^^^^^^^^^^^^^^^^^^^^^^^^^^^^^^^^^^^^^\nE   AttributeError: 'FeatureEngineer' object has no attribute 'compute_price_return_features'. Did you mean: '_compute_price_return_features'?\n_______________ TestFeatureEngineering.test_feature_consistency ________________\ntests/test_feature_engineering.py:351: in test_feature_consistency\n    df = feature_engineer.compute_price_return_features(subset)\n         ^^^^^^^^^^^^^^^^^^^^^^^^^^^^^^^^^^^^^^^^^^^^^^\nE   AttributeError: 'FeatureEngineer' object has no attribute 'compute_price_return_features'. Did you mean: '_compute_price_return_features'?\n____________________ TestFeatureEngineering.test_edge_cases ____________________\ntests/test_feature_engineering.py:365: in test_edge_cases\n    df = feature_engineer.compute_price_return_features(empty_df)\n         ^^^^^^^^^^^^^^^^^^^^^^^^^^^^^^^^^^^^^^^^^^^^^^\nE   AttributeError: 'FeatureEngineer' object has no attribute 'compute_price_return_features'. Did you mean: '_compute_price_return_features'?\n__________________ TestFeatureEngineering.test_winsorization ___________________\ntests/test_feature_engineering.py:405: in test_winsorization\n    df = feature_engineer.compute_price_return_features(df)\n         ^^^^^^^^^^^^^^^^^^^^^^^^^^^^^^^^^^^^^^^^^^^^^^\nE   AttributeError: 'FeatureEngineer' object has no attribute 'compute_price_return_features'. Did you mean: '_compute_price_return_features'?\n_________________ TestFeatureEngineering.test_metadata_columns _________________\ntests/test_feature_engineering.py:417: in test_metadata_columns\n    df = feature_engineer.add_metadata_columns(df, 'BTCUSDT')\n         ^^^^^^^^^^^^^^^^^^^^^^^^^^^^^^^^^^^^^\nE   AttributeError: 'FeatureEngineer' object has no attribute 'add_metadata_columns'\n_____________________ TestFeatureFormulas.test_rsi_formula _____________________\ntests/test_feature_engineering.py:468: in test_rsi_formula\n    df = engineer.compute_trend_momentum_features(df)\n         ^^^^^^^^^^^^^^^^^^^^^^^^^^^^^^^^^^^^^^^^\nE   AttributeError: 'FeatureEngineer' object has no attribute 'compute_trend_momentum_features'. Did you mean: '_compute_trend_momentum_features'?\n_______________ TestFeatureFormulas.test_bollinger_bands_formula _______________\ntests/test_feature_engineering.py:496: in test_bollinger_bands_formula\n    df = engineer.compute_price_return_features(df)\n         ^^^^^^^^^^^^^^^^^^^^^^^^^^^^^^^^^^^^^^\nE   AttributeError: 'FeatureEngineer' object has no attribute 'compute_price_return_features'. Did you mean: '_compute_price_return_features'?\n_____________________ TestFeatureFormulas.test_atr_formula _____________________\ntests/test_feature_engineering.py:546: in test_atr_formula\n    df = engineer.compute_price_return_features(df)\n         ^^^^^^^^^^^^^^^^^^^^^^^^^^^^^^^^^^^^^^\nE   AttributeError: 'FeatureEngineer' object has no attribute 'compute_price_return_features'. Did you mean: '_compute_price_return_features'?\n================================ tests coverage ================================\n_______________ coverage: platform darwin, python 3.12.0-final-0 _______________\n\nName                                               Stmts   Miss  Cover   Missing\n--------------------------------------------------------------------------------\nsrc/__init__.py                                        5      0   100%\nsrc/api/__init__.py                                    6      6     0%   11-17\nsrc/api/backtest_api.py                              266    266     0%   11-705\nsrc/api/data_api.py                                  149    149     0%   11-372\nsrc/api/features_api.py                              179    179     0%   11-426\nsrc/api/server.py                                     77     77     0%   12-246\nsrc/api/system_api.py                                333    333     0%   12-1195\nsrc/api/system_api_refactored.py                      88     88     0%   4-211\nsrc/cli/__init__.py                                    1      1     0%   12\nsrc/cli/backtesting.py                               212    212     0%   12-351\nsrc/cli/data_collection.py                           140    140     0%   12-261\nsrc/cli/feature_engineering.py                       194    194     0%   12-323\nsrc/cli/llm_monitor.py                               237    237     0%   4-387\nsrc/cli/system.py                                     62     62     0%   12-124\nsrc/cli/test_llm.py                                   62     62     0%   4-93\nsrc/cli/trading_agent.py                             267    267     0%   4-507\nsrc/cli/trading_analysis.py                          143    143     0%   4-258\nsrc/config/__init__.py                                 3      0   100%\nsrc/config/base.py                                     9      1    89%   19\nsrc/config/data_history.py                             9      5    44%   12-19\nsrc/config/features.py                                 9      1    89%   19\nsrc/data/__init__.py                                   2      0   100%\nsrc/data/feature_extraction/__init__.py                2      0   100%\nsrc/data/feature_extraction/consolidator.py          116    116     0%   3-197\nsrc/data/feature_extraction/engine.py                365     53    85%   73, 79, 90, 111, 122, 493-496, 503-514, 529-530, 535-554, 560, 589-611, 615-636\nsrc/data/feature_extraction/engine_refactored.py     111    111     0%   3-220\nsrc/data/feature_extraction/price_features.py         29     29     0%   3-53\nsrc/data/feature_extraction/trend_features.py         59     59     0%   3-100\nsrc/data/fetch/__init__.py                             4      0   100%\nsrc/data/fetch/base.py                                36     19    47%   24-29, 33-34, 39, 44, 49, 53-57, 61-65\nsrc/data/fetch/binance_csv.py                        101     82    19%   29-31, 36-38, 42-43, 47-67, 71-109, 119-185, 190-213, 217\nsrc/data/fetch/binance_rest.py                       110     89    19%   30-33, 38-40, 44-45, 49-56, 60-79, 83-111, 115-199, 204-226, 230-231\nsrc/data/processing/__init__.py                        2      0   100%\nsrc/data/processing/consolidator.py                   81     81     0%   3-143\nsrc/data/processing/normalizer.py                    154    133    14%   32-42, 46-91, 96-104, 108-150, 155-179, 183-234, 238-270, 274-305, 310-367, 370\nsrc/llm/__init__.py                                    5      5     0%   4-30\nsrc/models/__init__.py                                 5      5     0%   11-39\nsrc/models/features.py                               112    112     0%   10-219\nsrc/models/market_data.py                             46     46     0%   5-67\nsrc/models/performance.py                            185    185     0%   11-339\nsrc/models/signals.py                                158    158     0%   10-297\nsrc/utils/__init__.py                                  6      0   100%\nsrc/utils/config.py                                   38     38     0%   3-81\nsrc/utils/error_handling.py                          145    109    25%   30-33, 36-40, 83-121, 148-208, 240-261, 276-296, 312-338, 342-344, 367-378, 397-405, 425\nsrc/utils/file_ops.py                                177    156    12%   49-62, 90-155, 177-220, 237-256, 275-289, 310-355, 368-410\nsrc/utils/logging.py                                 137     83    39%   33-35, 41-45, 54-81, 88-89, 99-112, 124-139, 169-181, 190-191, 195, 199-210, 213, 216, 219, 222, 225, 229, 233, 242, 271-332, 350, 364, 384\nsrc/utils/time_utils.py                              160    143    11%   57-86, 103-150, 172-194, 215-234, 253-281, 300-332, 353-374, 393-413\nsrc/utils/validation.py                              157     56    64%   79, 84-86, 90-95, 100-102, 105-106, 112-113, 127, 167, 172-174, 179-180, 186-187, 194-196, 218, 249-251, 255-257, 260-262, 266, 291-293, 326-340, 378-379\n--------------------------------------------------------------------------------\nTOTAL                                               4954   4291    13%\nCoverage HTML written to dir reports/coverage\n=========================== short test summary info ============================\nFAILED tests/test_core_features.py::TestCoreFeatures::test_price_return_features - AttributeError: 'FeatureEngineer' object has no attribute 'compute_price_return_features'. Did you mean: '_compute_price_return_features'?\nFAILED tests/test_core_features.py::TestCoreFeatures::test_moving_average_features - AttributeError: 'FeatureEngineer' object has no attribute 'compute_trend_momentum_features'. Did you mean: '_compute_trend_momentum_features'?\nFAILED tests/test_core_features.py::TestCoreFeatures::test_rsi_feature - AttributeError: 'FeatureEngineer' object has no attribute 'compute_price_return_features'. Did you mean: '_compute_price_return_features'?\nFAILED tests/test_core_features.py::TestCoreFeatures::test_volume_features - AttributeError: 'FeatureEngineer' object has no attribute 'compute_volume_liquidity_features'. Did you mean: '_compute_volume_liquidity_features'?\nFAILED tests/test_core_features.py::TestCoreFeatures::test_volatility_features - AttributeError: 'FeatureEngineer' object has no attribute 'compute_price_return_features'. Did you mean: '_compute_price_return_features'?\nFAILED tests/test_core_features.py::TestCoreFeatures::test_feature_metadata - AttributeError: 'FeatureEngineer' object has no attribute 'add_metadata_columns'\nFAILED tests/test_core_features.py::TestCoreFeatures::test_feature_dependencies - assert not True\n +  where True = any(<generator object TestCoreFeatures.test_feature_dependencies.<locals>.<genexpr> at 0x110d153c0>)\nFAILED tests/test_feature_engineering.py::TestFeatureEngineering::test_price_return_features - AttributeError: 'FeatureEngineer' object has no attribute 'compute_price_return_features'. Did you mean: '_compute_price_return_features'?\nFAILED tests/test_feature_engineering.py::TestFeatureEngineering::test_trend_momentum_features - AttributeError: 'FeatureEngineer' object has no attribute 'compute_trend_momentum_features'. Did you mean: '_compute_trend_momentum_features'?\nFAILED tests/test_feature_engineering.py::TestFeatureEngineering::test_mean_reversion_features - AttributeError: 'FeatureEngineer' object has no attribute 'compute_trend_momentum_features'. Did you mean: '_compute_trend_momentum_features'?\nFAILED tests/test_feature_engineering.py::TestFeatureEngineering::test_volatility_risk_features - AttributeError: 'FeatureEngineer' object has no attribute 'compute_price_return_features'. Did you mean: '_compute_price_return_features'?\nFAILED tests/test_feature_engineering.py::TestFeatureEngineering::test_volume_liquidity_features - AttributeError: 'FeatureEngineer' object has no attribute 'compute_volume_liquidity_features'. Did you mean: '_compute_volume_liquidity_features'?\nFAILED tests/test_feature_engineering.py::TestFeatureEngineering::test_microstructure_features - AttributeError: 'FeatureEngineer' object has no attribute 'compute_price_return_features'. Did you mean: '_compute_price_return_features'?\nFAILED tests/test_feature_engineering.py::TestFeatureEngineering::test_regime_features - AttributeError: 'FeatureEngineer' object has no attribute 'compute_price_return_features'. Did you mean: '_compute_price_return_features'?\nFAILED tests/test_feature_engineering.py::TestFeatureEngineering::test_risk_execution_features - AttributeError: 'FeatureEngineer' object has no attribute 'compute_price_return_features'. Did you mean: '_compute_price_return_features'?\nFAILED tests/test_feature_engineering.py::TestFeatureEngineering::test_no_data_leakage - AttributeError: 'FeatureEngineer' object has no attribute 'compute_price_return_features'. Did you mean: '_compute_price_return_features'?\nFAILED tests/test_feature_engineering.py::TestFeatureEngineering::test_feature_consistency - AttributeError: 'FeatureEngineer' object has no attribute 'compute_price_return_features'. Did you mean: '_compute_price_return_features'?\nFAILED tests/test_feature_engineering.py::TestFeatureEngineering::test_edge_cases - AttributeError: 'FeatureEngineer' object has no attribute 'compute_price_return_features'. Did you mean: '_compute_price_return_features'?\nFAILED tests/test_feature_engineering.py::TestFeatureEngineering::test_winsorization - AttributeError: 'FeatureEngineer' object has no attribute 'compute_price_return_features'. Did you mean: '_compute_price_return_features'?\nFAILED tests/test_feature_engineering.py::TestFeatureEngineering::test_metadata_columns - AttributeError: 'FeatureEngineer' object has no attribute 'add_metadata_columns'\nFAILED tests/test_feature_engineering.py::TestFeatureFormulas::test_rsi_formula - AttributeError: 'FeatureEngineer' object has no attribute 'compute_trend_momentum_features'. Did you mean: '_compute_trend_momentum_features'?\nFAILED tests/test_feature_engineering.py::TestFeatureFormulas::test_bollinger_bands_formula - AttributeError: 'FeatureEngineer' object has no attribute 'compute_price_return_features'. Did you mean: '_compute_price_return_features'?\nFAILED tests/test_feature_engineering.py::TestFeatureFormulas::test_atr_formula - AttributeError: 'FeatureEngineer' object has no attribute 'compute_price_return_features'. Did you mean: '_compute_price_return_features'?\n======================== 23 failed, 14 passed in 8.15s =========================\n",
  "stderr": "<unknown>:1193: SyntaxWarning: invalid escape sequence '\\s'\n/Users/zoe/Algo-Trading/src/api/system_api.py:1193: SyntaxWarning: invalid escape sequence '\\s'\n  \"\"\"\n<unknown>:1193: SyntaxWarning: invalid escape sequence '\\s'\n/Users/zoe/Algo-Trading/src/api/system_api.py:1193: SyntaxWarning: invalid escape sequence '\\s'\n  \"\"\"\n<unknown>:1193: SyntaxWarning: invalid escape sequence '\\s'\n/Users/zoe/Algo-Trading/src/api/system_api.py:1193: SyntaxWarning: invalid escape sequence '\\s'\n  \"\"\"\n<unknown>:1193: SyntaxWarning: invalid escape sequence '\\s'\n<unknown>:1193: SyntaxWarning: invalid escape sequence '\\s'\n",
  "success": false,
  "summary": "======================== 23 failed, 14 passed in 8.15s ========================="
}